[debug] [2018-05-09T02:39:29.380Z] ----------------------------------------------------------------------
[debug] [2018-05-09T02:39:29.384Z] Command:       /usr/local/bin/node /usr/local/bin/firebase serve
[debug] [2018-05-09T02:39:29.384Z] CLI Version:   3.18.4
[debug] [2018-05-09T02:39:29.384Z] Platform:      darwin
[debug] [2018-05-09T02:39:29.384Z] Node Version:  v8.11.1
[debug] [2018-05-09T02:39:29.385Z] Time:          Tue May 08 2018 21:39:29 GMT-0500 (CDT)
[debug] [2018-05-09T02:39:29.385Z] ----------------------------------------------------------------------
[debug] 
[debug] [2018-05-09T02:39:29.399Z] > command requires scopes: ["email","openid","https://www.googleapis.com/auth/cloudplatformprojects.readonly","https://www.googleapis.com/auth/firebase","https://www.googleapis.com/auth/cloud-platform"]
[debug] [2018-05-09T02:39:29.399Z] > authorizing via signed-in user
[debug] [2018-05-09T02:39:29.401Z] >>> HTTP REQUEST GET https://admin.firebase.com/v1/projects/devf-pokedex  
  
 Tue May 08 2018 21:39:29 GMT-0500 (CDT)
[debug] [2018-05-09T02:39:29.936Z] <<< HTTP RESPONSE 200
[debug] [2018-05-09T02:39:29.937Z] >>> HTTP REQUEST GET https://admin.firebase.com/v1/database/devf-pokedex/tokens  
  
 Tue May 08 2018 21:39:29 GMT-0500 (CDT)
[debug] [2018-05-09T02:39:30.356Z] <<< HTTP RESPONSE 200
[debug] [2018-05-09T02:39:30.357Z] >>> HTTP REQUEST GET https://cloudresourcemanager.googleapis.com/v1/projects/devf-pokedex  
  
 Tue May 08 2018 21:39:30 GMT-0500 (CDT)
[debug] [2018-05-09T02:39:30.770Z] <<< HTTP RESPONSE 200
[info] 
[info] === Serving from '/Users/daniellarios/Desktop/Cinta Roja Batch 2/cinta-roja-gdl-b2/notas/pokedex'...
[info] 
[debug] [2018-05-09T02:39:30.772Z] >>> HTTP REQUEST GET https://mobilesdk-pa.googleapis.com/v1/projects/139383672456/clients/_:getWebAppConfig  
  
 Tue May 08 2018 21:39:30 GMT-0500 (CDT)
[debug] [2018-05-09T02:39:31.289Z] <<< HTTP RESPONSE 200
[info] i  hosting: Serving hosting files from: public
[info] ✔  hosting: Local server: http://localhost:5000

